<?xml version="1.0" encoding="UTF-8"?>
<testsuite xmlns:xsi="http://www.w3.org/2001/XMLSchema-instance" xsi:noNamespaceSchemaLocation="https://maven.apache.org/surefire/maven-surefire-plugin/xsd/surefire-test-report-3.0.xsd" version="3.0" name="org.vsredshift.customer.customerResourceTest" time="5.102" tests="6" errors="1" skipped="5" failures="0">
  <properties>
[...]
</properties>
  <testcase name="putFailNoLastName" classname="org.vsredshift.customer.customerResourceTest" time="0.007">
    <error type="java.lang.RuntimeException"><![CDATA[java.lang.RuntimeException: 
java.lang.RuntimeException: mapping values are not allowed here
 in 'reader', line 2, column 8:
    openapi:
           ^

Caused by: java.lang.RuntimeException: 
mapping values are not allowed here
 in 'reader', line 2, column 8:
    openapi:
           ^

Caused by: org.yaml.snakeyaml.scanner.ScannerException: 
mapping values are not allowed here
 in 'reader', line 2, column 8:
    openapi:
           ^

]]></error>
  </testcase>
  <testcase name="postFailNoFirstName" classname="org.vsredshift.customer.customerResourceTest" time="0">
    <skipped type="org.opentest4j.TestAbortedException"><![CDATA[org.opentest4j.TestAbortedException: Boot failed
]]></skipped>
  </testcase>
  <testcase name="getAll" classname="org.vsredshift.customer.customerResourceTest" time="0">
    <skipped type="org.opentest4j.TestAbortedException"><![CDATA[org.opentest4j.TestAbortedException: Boot failed
]]></skipped>
  </testcase>
  <testcase name="getById" classname="org.vsredshift.customer.customerResourceTest" time="0">
    <skipped type="org.opentest4j.TestAbortedException"><![CDATA[org.opentest4j.TestAbortedException: Boot failed
]]></skipped>
  </testcase>
  <testcase name="put" classname="org.vsredshift.customer.customerResourceTest" time="0">
    <skipped type="org.opentest4j.TestAbortedException"><![CDATA[org.opentest4j.TestAbortedException: Boot failed
]]></skipped>
  </testcase>
  <testcase name="post" classname="org.vsredshift.customer.customerResourceTest" time="0">
    <skipped type="org.opentest4j.TestAbortedException"><![CDATA[org.opentest4j.TestAbortedException: Boot failed
]]></skipped>
  </testcase>
</testsuite>